[2023-11-02 20:21:29,839: INFO: main: Welcome to our custom log]
[2023-11-02 20:24:02,010: INFO: main: Welcome to our custom log]
[2023-11-02 22:22:05,179: INFO: common: yaml file: config/config.yaml loaded successfully]
[2023-11-02 22:22:05,181: INFO: common: yaml file: params.yaml loaded successfully]
[2023-11-02 22:22:05,183: INFO: common: created directory at: artifacts]
[2023-11-02 22:22:05,183: INFO: common: created directory at: artifacts/data_ingestion]
[2023-11-02 22:22:05,184: INFO: 2311482115: Downloading data from https://drive.google.com/file/d/1Awfd06An549a9JQKJpr_kk1NMXdjMhn_/view?usp=sharing into file artifacts/data_ingestion_data.zip]
[2023-11-02 22:22:07,437: INFO: 2311482115: Downloaded data from https://drive.google.com/file/d/1Awfd06An549a9JQKJpr_kk1NMXdjMhn_/view?usp=sharing into file artifacts/data_ingestion_data.zip]
[2023-11-09 22:01:46,681: INFO: main: >>>>>>>> stage Data Ingestion Stage started <<<<<<<<<<<]
[2023-11-09 22:01:46,681: INFO: common: yaml file: config/config.yaml loaded successfully]
[2023-11-09 22:01:46,682: INFO: common: yaml file: params.yaml loaded successfully]
[2023-11-09 22:01:46,682: INFO: common: created directory at: artifacts]
[2023-11-09 22:01:46,682: INFO: common: created directory at: artifacts/data_ingestion]
[2023-11-09 22:01:46,682: INFO: data_ingestion: Downloading data from https://drive.google.com/file/d/1Awfd06An549a9JQKJpr_kk1NMXdjMhn_/view?usp=sharing into file artifacts/data_ingestion_data.zip]
[2023-11-09 22:01:50,279: INFO: data_ingestion: Downloaded data from https://drive.google.com/file/d/1Awfd06An549a9JQKJpr_kk1NMXdjMhn_/view?usp=sharing into file artifacts/data_ingestion_data.zip]
[2023-11-09 22:01:50,726: INFO: main: >>>>>>>> stage Data Ingestion Stage completed <<<<<<<<<<<]
[2023-11-09 23:01:52,166: INFO: common: yaml file: config/config.yaml loaded successfully]
[2023-11-09 23:01:52,169: INFO: common: yaml file: params.yaml loaded successfully]
[2023-11-09 23:01:52,171: INFO: common: created directory at: artifacts]
[2023-11-09 23:01:52,172: INFO: common: created directory at: artifacts/prepare_base_model]
[2023-11-09 23:01:55,427: WARNING: saving_utils: Compiled the loaded model, but the compiled metrics have yet to be built. `model.compile_metrics` will be empty until you train or evaluate the model.]
[2023-11-09 23:01:55,559: WARNING: optimizer: At this time, the v2.11+ optimizer `tf.keras.optimizers.SGD` runs slowly on M1/M2 Macs, please use the legacy Keras optimizer instead, located at `tf.keras.optimizers.legacy.SGD`.]
[2023-11-09 23:01:55,561: WARNING: __init__: There is a known slowdown when using v2.11+ Keras optimizers on M1/M2 Macs. Falling back to the legacy Keras optimizer, i.e., `tf.keras.optimizers.legacy.SGD`.]
[2023-11-27 22:58:02,635: INFO: main: >>>>>>>> stage Data Ingestion Stage started <<<<<<<<<<<]
[2023-11-27 22:58:02,636: INFO: common: yaml file: config/config.yaml loaded successfully]
[2023-11-27 22:58:02,637: INFO: common: yaml file: params.yaml loaded successfully]
[2023-11-27 22:58:02,637: INFO: common: created directory at: artifacts]
[2023-11-27 22:58:02,637: INFO: common: created directory at: artifacts/data_ingestion]
[2023-11-27 22:58:02,637: INFO: data_ingestion: Downloading data from https://drive.google.com/file/d/1Awfd06An549a9JQKJpr_kk1NMXdjMhn_/view?usp=sharing into file artifacts/data_ingestion_data.zip]
[2023-11-27 22:58:06,252: INFO: data_ingestion: Downloaded data from https://drive.google.com/file/d/1Awfd06An549a9JQKJpr_kk1NMXdjMhn_/view?usp=sharing into file artifacts/data_ingestion_data.zip]
[2023-11-27 22:58:06,633: INFO: main: >>>>>>>> stage Data Ingestion Stage completed <<<<<<<<<<<]
[2023-11-27 22:58:06,633: INFO: main: ***********************]
[2023-11-27 22:58:06,633: INFO: main: >>>>>>>> stage Prepare base model started <<<<<<<<<<<<]
[2023-11-27 22:58:06,637: INFO: common: yaml file: config/config.yaml loaded successfully]
[2023-11-27 22:58:06,638: INFO: common: yaml file: params.yaml loaded successfully]
[2023-11-27 22:58:06,638: INFO: common: created directory at: artifacts]
[2023-11-27 22:58:06,639: INFO: common: created directory at: artifacts/prepare_base_model]
[2023-11-27 22:58:06,639: ERROR: main: __init__() got an unexpected keyword argument 'update_base_model_path']
Traceback (most recent call last):
  File "main.py", line 22, in <module>
    prepare_base_model.main()
  File "/Users/namujhp/Kidney-Disease-Classification-Deep-Learning-Project/src/cnnClassifier/pipeline/stage_02_prepare_base_model.py", line 13, in main
    prepare_base_model_config = config.get_prepare_base_model_config()
  File "/Users/namujhp/Kidney-Disease-Classification-Deep-Learning-Project/src/cnnClassifier/config/configuration.py", line 37, in get_prepare_base_model_config
    prepare_base_model_config = PrePareBaseModelConfig(
TypeError: __init__() got an unexpected keyword argument 'update_base_model_path'
[2023-11-27 23:03:07,015: INFO: main: >>>>>>>> stage Data Ingestion Stage started <<<<<<<<<<<]
[2023-11-27 23:03:07,019: INFO: common: yaml file: config/config.yaml loaded successfully]
[2023-11-27 23:03:07,037: INFO: common: yaml file: params.yaml loaded successfully]
[2023-11-27 23:03:07,037: INFO: common: created directory at: artifacts]
[2023-11-27 23:03:07,037: INFO: common: created directory at: artifacts/data_ingestion]
[2023-11-27 23:03:07,037: INFO: data_ingestion: Downloading data from https://drive.google.com/file/d/1Awfd06An549a9JQKJpr_kk1NMXdjMhn_/view?usp=sharing into file artifacts/data_ingestion_data.zip]
[2023-11-27 23:03:10,412: INFO: data_ingestion: Downloaded data from https://drive.google.com/file/d/1Awfd06An549a9JQKJpr_kk1NMXdjMhn_/view?usp=sharing into file artifacts/data_ingestion_data.zip]
[2023-11-27 23:03:10,851: INFO: main: >>>>>>>> stage Data Ingestion Stage completed <<<<<<<<<<<]
[2023-11-27 23:03:10,851: INFO: main: ***********************]
[2023-11-27 23:03:10,851: INFO: main: >>>>>>>> stage Prepare base model started <<<<<<<<<<<<]
[2023-11-27 23:03:20,316: INFO: common: yaml file: config/config.yaml loaded successfully]
[2023-11-27 23:03:20,322: INFO: common: yaml file: params.yaml loaded successfully]
[2023-11-27 23:03:20,322: INFO: common: created directory at: artifacts]
[2023-11-27 23:03:43,611: INFO: common: created directory at: artifacts/prepare_base_model]
[2023-11-27 23:04:15,276: INFO: main: >>>>>>>> stage Data Ingestion Stage started <<<<<<<<<<<]
[2023-11-27 23:04:15,277: INFO: common: yaml file: config/config.yaml loaded successfully]
[2023-11-27 23:04:15,278: INFO: common: yaml file: params.yaml loaded successfully]
[2023-11-27 23:04:15,278: INFO: common: created directory at: artifacts]
[2023-11-27 23:04:15,278: INFO: common: created directory at: artifacts/data_ingestion]
[2023-11-27 23:04:15,278: INFO: data_ingestion: Downloading data from https://drive.google.com/file/d/1Awfd06An549a9JQKJpr_kk1NMXdjMhn_/view?usp=sharing into file artifacts/data_ingestion_data.zip]
[2023-11-27 23:04:18,277: INFO: data_ingestion: Downloaded data from https://drive.google.com/file/d/1Awfd06An549a9JQKJpr_kk1NMXdjMhn_/view?usp=sharing into file artifacts/data_ingestion_data.zip]
[2023-11-27 23:04:18,656: INFO: main: >>>>>>>> stage Data Ingestion Stage completed <<<<<<<<<<<]
[2023-11-27 23:04:18,656: INFO: main: ***********************]
[2023-11-27 23:04:18,657: INFO: main: >>>>>>>> stage Prepare base model started <<<<<<<<<<<<]
[2023-11-27 23:04:18,661: INFO: common: yaml file: config/config.yaml loaded successfully]
[2023-11-27 23:04:18,661: INFO: common: yaml file: params.yaml loaded successfully]
[2023-11-27 23:04:18,662: INFO: common: created directory at: artifacts]
[2023-11-27 23:04:18,662: INFO: common: created directory at: artifacts/prepare_base_model]
[2023-11-27 23:04:18,992: WARNING: saving_utils: Compiled the loaded model, but the compiled metrics have yet to be built. `model.compile_metrics` will be empty until you train or evaluate the model.]
[2023-11-27 23:04:19,108: WARNING: optimizer: At this time, the v2.11+ optimizer `tf.keras.optimizers.SGD` runs slowly on M1/M2 Macs, please use the legacy Keras optimizer instead, located at `tf.keras.optimizers.legacy.SGD`.]
[2023-11-27 23:04:19,109: WARNING: __init__: There is a known slowdown when using v2.11+ Keras optimizers on M1/M2 Macs. Falling back to the legacy Keras optimizer, i.e., `tf.keras.optimizers.legacy.SGD`.]
[2023-11-27 23:04:19,214: INFO: main: >>>>>>>>> stage Prepare base model completed <<<<<<<<<<<< 

 x============x]
